[2012-11-20 21:53:21] request.ERROR: Symfony\Component\HttpKernel\Exception\NotFoundHttpException: No route found for "GET /" (uncaught exception) at C:\xampp\htdocs\Symfony\vendor\symfony\symfony\src\Symfony\Component\HttpKernel\EventListener\RouterListener.php line 92 [] []
[2012-11-20 21:53:56] request.ERROR: Symfony\Component\HttpKernel\Exception\NotFoundHttpException: No route found for "GET /" (uncaught exception) at C:\xampp\htdocs\Symfony\vendor\symfony\symfony\src\Symfony\Component\HttpKernel\EventListener\RouterListener.php line 92 [] []
[2012-11-22 16:24:07] request.ERROR: Symfony\Component\HttpKernel\Exception\NotFoundHttpException: No route found for "GET /bundles/bloggerblog/css/blog.css" (uncaught exception) at C:\xampp\htdocs\Symfony\app\cache\prod\classes.php line 5082 [] []
[2012-11-22 17:53:38] request.ERROR: Symfony\Component\HttpKernel\Exception\NotFoundHttpException: No route found for "GET /images/beach.jpg" (uncaught exception) at C:\xampp\htdocs\Symfony\app\cache\prod\classes.php line 5082 [] []
[2012-11-23 12:59:35] request.ERROR: Symfony\Component\HttpKernel\Exception\NotFoundHttpException: No route found for "GET /999" (uncaught exception) at C:\xampp\htdocs\Symfony\app\cache\prod\classes.php line 5082 [] []
[2012-11-28 16:47:33] request.ERROR: Symfony\Component\HttpKernel\Exception\NotFoundHttpException: No route found for "GET /blog" (uncaught exception) at C:\xampp\htdocs\Symfony\app\cache\prod\classes.php line 5082 [] []
[2012-11-28 16:47:37] request.ERROR: Symfony\Component\HttpKernel\Exception\NotFoundHttpException: No route found for "GET /blog/" (uncaught exception) at C:\xampp\htdocs\Symfony\app\cache\prod\classes.php line 5082 [] []
[2012-11-28 16:48:35] request.ERROR: Symfony\Component\HttpKernel\Exception\NotFoundHttpException: No route found for "GET /blog/" (uncaught exception) at C:\xampp\htdocs\Symfony\app\cache\prod\classes.php line 5082 [] []
[2012-11-28 16:48:56] request.ERROR: Symfony\Component\HttpKernel\Exception\NotFoundHttpException: No route found for "GET /zizoo" (uncaught exception) at C:\xampp\htdocs\Symfony\app\cache\prod\classes.php line 5082 [] []
[2012-11-28 16:49:02] request.ERROR: Symfony\Component\HttpKernel\Exception\NotFoundHttpException: No route found for "GET /blog" (uncaught exception) at C:\xampp\htdocs\Symfony\app\cache\prod\classes.php line 5082 [] []
[2012-11-28 16:50:10] request.ERROR: Symfony\Component\HttpKernel\Exception\NotFoundHttpException: No route found for "GET /blog" (uncaught exception) at C:\xampp\htdocs\Symfony\app\cache\prod\classes.php line 5082 [] []
[2012-11-28 16:50:12] request.ERROR: Symfony\Component\HttpKernel\Exception\NotFoundHttpException: No route found for "GET /blogger" (uncaught exception) at C:\xampp\htdocs\Symfony\app\cache\prod\classes.php line 5082 [] []
[2012-11-28 16:50:15] request.ERROR: Symfony\Component\HttpKernel\Exception\NotFoundHttpException: No route found for "GET /blogger/" (uncaught exception) at C:\xampp\htdocs\Symfony\app\cache\prod\classes.php line 5082 [] []
[2012-11-28 16:50:30] request.ERROR: Symfony\Component\HttpKernel\Exception\NotFoundHttpException: No route found for "GET /blogger/" (uncaught exception) at C:\xampp\htdocs\Symfony\app\cache\prod\classes.php line 5082 [] []
[2012-11-28 16:51:06] request.ERROR: Symfony\Component\HttpKernel\Exception\NotFoundHttpException: No route found for "GET /zizoo" (uncaught exception) at C:\xampp\htdocs\Symfony\app\cache\prod\classes.php line 5082 [] []
[2012-11-28 16:52:57] request.ERROR: Symfony\Component\HttpKernel\Exception\NotFoundHttpException: No route found for "GET /zizoo/hello/symblog" (uncaught exception) at C:\xampp\htdocs\Symfony\app\cache\prod\classes.php line 5082 [] []
[2012-11-28 16:53:00] request.ERROR: Symfony\Component\HttpKernel\Exception\NotFoundHttpException: No route found for "GET /zizoo/" (uncaught exception) at C:\xampp\htdocs\Symfony\app\cache\prod\classes.php line 5082 [] []
[2012-11-28 16:53:03] request.ERROR: Symfony\Component\HttpKernel\Exception\NotFoundHttpException: No route found for "GET /zizoo" (uncaught exception) at C:\xampp\htdocs\Symfony\app\cache\prod\classes.php line 5082 [] []
[2012-11-28 16:56:24] request.ERROR: Symfony\Component\HttpKernel\Exception\NotFoundHttpException: No route found for "GET /zizoo" (uncaught exception) at C:\xampp\htdocs\Symfony\app\cache\prod\classes.php line 5082 [] []
[2012-11-28 16:57:17] request.ERROR: Symfony\Component\HttpKernel\Exception\NotFoundHttpException: No route found for "GET /zizoo" (uncaught exception) at C:\xampp\htdocs\Symfony\app\cache\prod\classes.php line 5082 [] []
[2012-11-28 16:57:18] request.ERROR: Symfony\Component\HttpKernel\Exception\NotFoundHttpException: No route found for "GET /zizoo" (uncaught exception) at C:\xampp\htdocs\Symfony\app\cache\prod\classes.php line 5082 [] []
[2012-11-28 16:57:18] request.ERROR: Symfony\Component\HttpKernel\Exception\NotFoundHttpException: No route found for "GET /zizoo" (uncaught exception) at C:\xampp\htdocs\Symfony\app\cache\prod\classes.php line 5082 [] []
[2012-11-28 16:57:18] request.ERROR: Symfony\Component\HttpKernel\Exception\NotFoundHttpException: No route found for "GET /zizoo" (uncaught exception) at C:\xampp\htdocs\Symfony\app\cache\prod\classes.php line 5082 [] []
[2012-11-28 16:57:26] request.ERROR: Symfony\Component\HttpKernel\Exception\NotFoundHttpException: No route found for "GET /zizoo" (uncaught exception) at C:\xampp\htdocs\Symfony\app\cache\prod\classes.php line 5082 [] []
[2012-11-28 16:57:59] request.ERROR: Symfony\Component\HttpKernel\Exception\NotFoundHttpException: No route found for "GET /zizoo/app_dev.php/hello/Benito" (uncaught exception) at C:\xampp\htdocs\Symfony\app\cache\prod\classes.php line 5082 [] []
[2012-11-28 16:58:09] request.ERROR: Symfony\Component\HttpKernel\Exception\NotFoundHttpException: No route found for "GET /zizoo/app_dev.php/hello/Benito" (uncaught exception) at C:\xampp\htdocs\Symfony\app\cache\prod\classes.php line 5082 [] []
[2012-11-28 17:01:44] request.ERROR: Symfony\Component\HttpKernel\Exception\NotFoundHttpException: No route found for "GET /zizoo" (uncaught exception) at C:\xampp\htdocs\Symfony\app\cache\prod\classes.php line 5082 [] []
[2012-11-29 16:00:41] request.ERROR: Symfony\Component\HttpKernel\Exception\NotFoundHttpException: No route found for "GET /img/glyphicons-halflings.png" (uncaught exception) at C:\xampp\htdocs\Symfony\app\cache\prod\classes.php line 5082 [] []
[2012-11-29 16:04:05] request.ERROR: Symfony\Component\HttpKernel\Exception\NotFoundHttpException: No route found for "GET /img/glyphicons-halflings.png" (uncaught exception) at C:\xampp\htdocs\Symfony\app\cache\prod\classes.php line 5082 [] []
